2019-08-26 11:16:01.399 [main] INFO  com.course.Application - Starting Application on DESKTOP-AO63SNB with PID 14484 (D:\wang\javaCode\muke\AutoTest\AutoTest3\target\classes started by Elon in D:\wang\javaCode\muke\AutoTest)
2019-08-26 11:16:01.403 [main] INFO  com.course.Application - No active profile set, falling back to default profiles: default
2019-08-26 11:16:01.439 [main] INFO  o.s.boot.context.embedded.AnnotationConfigEmbeddedWebApplicationContext - Refreshing org.springframework.boot.context.embedded.AnnotationConfigEmbeddedWebApplicationContext@8f4ea7c: startup date [Mon Aug 26 11:16:01 CST 2019]; root of context hierarchy
2019-08-26 11:16:02.051 [main] WARN  org.mybatis.spring.mapper.ClassPathMapperScanner - No MyBatis mapper was found in '[com.course]' package. Please check your configuration.
2019-08-26 11:16:02.245 [main] INFO  o.s.context.support.PostProcessorRegistrationDelegate$BeanPostProcessorChecker - Bean 'org.springframework.transaction.annotation.ProxyTransactionManagementConfiguration' of type [org.springframework.transaction.annotation.ProxyTransactionManagementConfiguration$$EnhancerBySpringCGLIB$$cab58722] is not eligible for getting processed by all BeanPostProcessors (for example: not eligible for auto-proxying)
2019-08-26 11:16:02.392 [main] INFO  org.springframework.boot.context.embedded.tomcat.TomcatEmbeddedServletContainer - Tomcat initialized with port(s): 8888 (http)
2019-08-26 11:16:02.398 [main] INFO  org.apache.catalina.core.StandardService - Starting service Tomcat
2019-08-26 11:16:02.398 [main] INFO  org.apache.catalina.core.StandardEngine - Starting Servlet Engine: Apache Tomcat/8.5.14
2019-08-26 11:16:02.492 [localhost-startStop-1] INFO  org.apache.catalina.core.ContainerBase.[Tomcat].[localhost].[/] - Initializing Spring embedded WebApplicationContext
2019-08-26 11:16:02.492 [localhost-startStop-1] INFO  org.springframework.web.context.ContextLoader - Root WebApplicationContext: initialization completed in 1053 ms
2019-08-26 11:16:02.656 [localhost-startStop-1] INFO  org.springframework.boot.web.servlet.ServletRegistrationBean - Mapping servlet: 'dispatcherServlet' to [/]
2019-08-26 11:16:02.658 [localhost-startStop-1] INFO  org.springframework.boot.web.servlet.FilterRegistrationBean - Mapping filter: 'characterEncodingFilter' to: [/*]
2019-08-26 11:16:02.659 [localhost-startStop-1] INFO  org.springframework.boot.web.servlet.FilterRegistrationBean - Mapping filter: 'hiddenHttpMethodFilter' to: [/*]
2019-08-26 11:16:02.659 [localhost-startStop-1] INFO  org.springframework.boot.web.servlet.FilterRegistrationBean - Mapping filter: 'httpPutFormContentFilter' to: [/*]
2019-08-26 11:16:02.659 [localhost-startStop-1] INFO  org.springframework.boot.web.servlet.FilterRegistrationBean - Mapping filter: 'requestContextFilter' to: [/*]
2019-08-26 11:16:03.108 [main] INFO  o.springframework.web.servlet.mvc.method.annotation.RequestMappingHandlerMapping - Mapped "{[/v1/getUserInfo],methods=[POST]}" onto public java.util.List<com.course.model.User> com.course.Controller.UserManager.getUserInfo(javax.servlet.http.HttpServletRequest,com.course.model.User)
2019-08-26 11:16:03.108 [main] INFO  o.springframework.web.servlet.mvc.method.annotation.RequestMappingHandlerMapping - Mapped "{[/v1/addUser],methods=[POST]}" onto public boolean com.course.Controller.UserManager.addUser(javax.servlet.http.HttpServletRequest,com.course.model.User)
2019-08-26 11:16:03.108 [main] INFO  o.springframework.web.servlet.mvc.method.annotation.RequestMappingHandlerMapping - Mapped "{[/v1/updateUserInfo],methods=[POST]}" onto public int com.course.Controller.UserManager.updateUser(javax.servlet.http.HttpServletRequest,com.course.model.User)
2019-08-26 11:16:03.109 [main] INFO  o.springframework.web.servlet.mvc.method.annotation.RequestMappingHandlerMapping - Mapped "{[/v1/login],methods=[POST]}" onto public java.lang.Boolean com.course.Controller.UserManager.login(javax.servlet.http.HttpServletResponse,com.course.model.User)
2019-08-26 11:16:03.109 [main] INFO  o.springframework.web.servlet.mvc.method.annotation.RequestMappingHandlerMapping - Mapped "{[/v2/api-docs],methods=[GET],produces=[application/json || application/hal+json]}" onto public org.springframework.http.ResponseEntity<springfox.documentation.spring.web.json.Json> springfox.documentation.swagger2.web.Swagger2Controller.getDocumentation(java.lang.String,javax.servlet.http.HttpServletRequest)
2019-08-26 11:16:03.110 [main] INFO  o.springframework.web.servlet.mvc.method.annotation.RequestMappingHandlerMapping - Mapped "{[/swagger-resources/configuration/security]}" onto org.springframework.http.ResponseEntity<springfox.documentation.swagger.web.SecurityConfiguration> springfox.documentation.swagger.web.ApiResourceController.securityConfiguration()
2019-08-26 11:16:03.111 [main] INFO  o.springframework.web.servlet.mvc.method.annotation.RequestMappingHandlerMapping - Mapped "{[/swagger-resources]}" onto org.springframework.http.ResponseEntity<java.util.List<springfox.documentation.swagger.web.SwaggerResource>> springfox.documentation.swagger.web.ApiResourceController.swaggerResources()
2019-08-26 11:16:03.111 [main] INFO  o.springframework.web.servlet.mvc.method.annotation.RequestMappingHandlerMapping - Mapped "{[/swagger-resources/configuration/ui]}" onto org.springframework.http.ResponseEntity<springfox.documentation.swagger.web.UiConfiguration> springfox.documentation.swagger.web.ApiResourceController.uiConfiguration()
2019-08-26 11:16:03.113 [main] INFO  o.springframework.web.servlet.mvc.method.annotation.RequestMappingHandlerMapping - Mapped "{[/error]}" onto public org.springframework.http.ResponseEntity<java.util.Map<java.lang.String, java.lang.Object>> org.springframework.boot.autoconfigure.web.BasicErrorController.error(javax.servlet.http.HttpServletRequest)
2019-08-26 11:16:03.113 [main] INFO  o.springframework.web.servlet.mvc.method.annotation.RequestMappingHandlerMapping - Mapped "{[/error],produces=[text/html]}" onto public org.springframework.web.servlet.ModelAndView org.springframework.boot.autoconfigure.web.BasicErrorController.errorHtml(javax.servlet.http.HttpServletRequest,javax.servlet.http.HttpServletResponse)
2019-08-26 11:16:03.193 [main] INFO  o.springframework.web.servlet.mvc.method.annotation.RequestMappingHandlerAdapter - Looking for @ControllerAdvice: org.springframework.boot.context.embedded.AnnotationConfigEmbeddedWebApplicationContext@8f4ea7c: startup date [Mon Aug 26 11:16:01 CST 2019]; root of context hierarchy
2019-08-26 11:16:03.220 [main] INFO  org.springframework.web.servlet.handler.SimpleUrlHandlerMapping - Mapped URL path [/webjars/**] onto handler of type [class org.springframework.web.servlet.resource.ResourceHttpRequestHandler]
2019-08-26 11:16:03.220 [main] INFO  org.springframework.web.servlet.handler.SimpleUrlHandlerMapping - Mapped URL path [/**] onto handler of type [class org.springframework.web.servlet.resource.ResourceHttpRequestHandler]
2019-08-26 11:16:03.239 [main] INFO  org.springframework.web.servlet.handler.SimpleUrlHandlerMapping - Mapped URL path [/**/favicon.ico] onto handler of type [class org.springframework.web.servlet.resource.ResourceHttpRequestHandler]
2019-08-26 11:16:03.358 [main] INFO  org.springframework.jmx.export.annotation.AnnotationMBeanExporter - Registering beans for JMX exposure on startup
2019-08-26 11:16:03.363 [main] INFO  org.springframework.context.support.DefaultLifecycleProcessor - Starting beans in phase 2147483647
2019-08-26 11:16:03.364 [main] INFO  springfox.documentation.spring.web.plugins.DocumentationPluginsBootstrapper - Context refreshed
2019-08-26 11:16:03.373 [main] INFO  springfox.documentation.spring.web.plugins.DocumentationPluginsBootstrapper - Found 1 custom documentation plugin(s)
2019-08-26 11:16:03.380 [main] INFO  springfox.documentation.spring.web.scanners.ApiListingReferenceScanner - Scanning for api listing references
2019-08-26 11:16:03.533 [main] INFO  org.springframework.boot.context.embedded.tomcat.TomcatEmbeddedServletContainer - Tomcat started on port(s): 8888 (http)
2019-08-26 11:16:03.535 [main] INFO  com.course.Application - Started Application in 2.33 seconds (JVM running for 3.275)
2019-08-26 11:16:19.663 [http-nio-8888-exec-1] INFO  org.apache.catalina.core.ContainerBase.[Tomcat].[localhost].[/] - Initializing Spring FrameworkServlet 'dispatcherServlet'
2019-08-26 11:16:19.663 [http-nio-8888-exec-1] INFO  org.springframework.web.servlet.DispatcherServlet - FrameworkServlet 'dispatcherServlet': initialization started
2019-08-26 11:16:19.693 [http-nio-8888-exec-1] INFO  org.springframework.web.servlet.DispatcherServlet - FrameworkServlet 'dispatcherServlet': initialization completed in 30 ms
2019-08-26 11:16:20.304 [http-nio-8888-exec-1] INFO  com.course.Controller.UserManager - 查询到的结果是1
2019-08-26 11:16:20.304 [http-nio-8888-exec-1] INFO  com.course.Controller.UserManager - 登录的用户是：zhangsan
2019-08-26 11:16:20.348 [http-nio-8888-exec-3] INFO  com.course.Controller.UserManager - 查询到的结果是0
2019-08-26 11:16:20.381 [http-nio-8888-exec-4] INFO  com.course.Controller.UserManager - cookies验证通过
2019-08-26 11:16:20.385 [http-nio-8888-exec-4] INFO  com.course.Controller.UserManager - 添加用户的数量是：1
2019-08-26 11:16:22.418 [http-nio-8888-exec-7] INFO  com.course.Controller.UserManager - cookies验证通过
2019-08-26 11:16:22.431 [http-nio-8888-exec-7] INFO  com.course.Controller.UserManager - getUserInfo获取到的用户数量是1
2019-08-26 11:16:22.466 [http-nio-8888-exec-8] INFO  com.course.Controller.UserManager - cookies验证通过
2019-08-26 11:16:22.467 [http-nio-8888-exec-8] INFO  com.course.Controller.UserManager - getUserInfo获取到的用户数量是0
2019-08-26 11:16:22.514 [http-nio-8888-exec-10] INFO  com.course.Controller.UserManager - cookies验证通过
2019-08-26 11:16:22.518 [http-nio-8888-exec-10] INFO  com.course.Controller.UserManager - 更新数据的条目数为：1
2019-08-26 11:16:25.544 [http-nio-8888-exec-2] INFO  com.course.Controller.UserManager - cookies验证通过
2019-08-26 11:16:25.549 [http-nio-8888-exec-2] INFO  com.course.Controller.UserManager - 更新数据的条目数为：1
2019-08-26 11:17:41.193 [http-nio-8888-exec-9] INFO  com.course.Controller.UserManager - 查询到的结果是1
2019-08-26 11:17:41.193 [http-nio-8888-exec-9] INFO  com.course.Controller.UserManager - 登录的用户是：zhangsan
2019-08-26 11:17:41.226 [http-nio-8888-exec-6] INFO  com.course.Controller.UserManager - 查询到的结果是0
2019-08-26 11:17:41.262 [http-nio-8888-exec-1] INFO  com.course.Controller.UserManager - cookies验证通过
2019-08-26 11:17:41.275 [http-nio-8888-exec-1] INFO  com.course.Controller.UserManager - 添加用户的数量是：1
2019-08-26 11:17:43.308 [http-nio-8888-exec-3] INFO  com.course.Controller.UserManager - cookies验证通过
2019-08-26 11:17:43.309 [http-nio-8888-exec-3] INFO  com.course.Controller.UserManager - getUserInfo获取到的用户数量是1
2019-08-26 11:17:43.334 [http-nio-8888-exec-4] INFO  com.course.Controller.UserManager - cookies验证通过
2019-08-26 11:17:43.336 [http-nio-8888-exec-4] INFO  com.course.Controller.UserManager - getUserInfo获取到的用户数量是0
2019-08-26 11:17:43.380 [http-nio-8888-exec-7] INFO  com.course.Controller.UserManager - cookies验证通过
2019-08-26 11:17:43.385 [http-nio-8888-exec-7] INFO  com.course.Controller.UserManager - 更新数据的条目数为：1
2019-08-26 11:17:46.418 [http-nio-8888-exec-8] INFO  com.course.Controller.UserManager - cookies验证通过
2019-08-26 11:17:46.420 [http-nio-8888-exec-8] INFO  com.course.Controller.UserManager - 更新数据的条目数为：1
2019-08-26 11:18:33.411 [http-nio-8888-exec-2] INFO  com.course.Controller.UserManager - 查询到的结果是1
2019-08-26 11:18:33.411 [http-nio-8888-exec-2] INFO  com.course.Controller.UserManager - 登录的用户是：zhangsan
2019-08-26 11:18:33.445 [http-nio-8888-exec-5] INFO  com.course.Controller.UserManager - 查询到的结果是0
2019-08-26 11:18:33.480 [http-nio-8888-exec-9] INFO  com.course.Controller.UserManager - cookies验证通过
2019-08-26 11:18:33.493 [http-nio-8888-exec-9] INFO  com.course.Controller.UserManager - 添加用户的数量是：1
2019-08-26 11:18:35.524 [http-nio-8888-exec-6] INFO  com.course.Controller.UserManager - cookies验证通过
2019-08-26 11:18:35.525 [http-nio-8888-exec-6] INFO  com.course.Controller.UserManager - getUserInfo获取到的用户数量是1
2019-08-26 11:18:35.549 [http-nio-8888-exec-1] INFO  com.course.Controller.UserManager - cookies验证通过
2019-08-26 11:18:35.550 [http-nio-8888-exec-1] INFO  com.course.Controller.UserManager - getUserInfo获取到的用户数量是0
2019-08-26 11:18:35.593 [http-nio-8888-exec-3] INFO  com.course.Controller.UserManager - cookies验证通过
2019-08-26 11:18:35.594 [http-nio-8888-exec-3] INFO  com.course.Controller.UserManager - 更新数据的条目数为：1
2019-08-26 11:18:38.617 [http-nio-8888-exec-4] INFO  com.course.Controller.UserManager - cookies验证通过
2019-08-26 11:18:38.620 [http-nio-8888-exec-4] INFO  com.course.Controller.UserManager - 更新数据的条目数为：1
2019-08-26 11:18:58.091 [http-nio-8888-exec-8] INFO  com.course.Controller.UserManager - 查询到的结果是1
2019-08-26 11:18:58.091 [http-nio-8888-exec-8] INFO  com.course.Controller.UserManager - 登录的用户是：zhangsan
2019-08-26 11:18:58.128 [http-nio-8888-exec-10] INFO  com.course.Controller.UserManager - 查询到的结果是0
2019-08-26 11:18:58.161 [http-nio-8888-exec-2] INFO  com.course.Controller.UserManager - cookies验证通过
2019-08-26 11:18:58.166 [http-nio-8888-exec-2] INFO  com.course.Controller.UserManager - 添加用户的数量是：1
2019-08-26 11:19:00.215 [http-nio-8888-exec-5] INFO  com.course.Controller.UserManager - cookies验证通过
2019-08-26 11:19:00.217 [http-nio-8888-exec-5] INFO  com.course.Controller.UserManager - getUserInfo获取到的用户数量是1
2019-08-26 11:19:00.242 [http-nio-8888-exec-9] INFO  com.course.Controller.UserManager - cookies验证通过
2019-08-26 11:19:00.243 [http-nio-8888-exec-9] INFO  com.course.Controller.UserManager - getUserInfo获取到的用户数量是0
2019-08-26 11:19:00.284 [http-nio-8888-exec-6] INFO  com.course.Controller.UserManager - cookies验证通过
2019-08-26 11:19:00.285 [http-nio-8888-exec-6] INFO  com.course.Controller.UserManager - 更新数据的条目数为：1
2019-08-26 11:19:03.314 [http-nio-8888-exec-1] INFO  com.course.Controller.UserManager - cookies验证通过
2019-08-26 11:19:03.315 [http-nio-8888-exec-1] INFO  com.course.Controller.UserManager - 更新数据的条目数为：1
2019-08-26 11:20:19.712 [http-nio-8888-exec-4] INFO  com.course.Controller.UserManager - 查询到的结果是1
2019-08-26 11:20:19.712 [http-nio-8888-exec-4] INFO  com.course.Controller.UserManager - 登录的用户是：zhangsan
2019-08-26 11:20:19.747 [http-nio-8888-exec-7] INFO  com.course.Controller.UserManager - 查询到的结果是0
2019-08-26 11:20:19.782 [http-nio-8888-exec-8] INFO  com.course.Controller.UserManager - cookies验证通过
2019-08-26 11:20:19.787 [http-nio-8888-exec-8] INFO  com.course.Controller.UserManager - 添加用户的数量是：1
2019-08-26 11:20:21.818 [http-nio-8888-exec-10] INFO  com.course.Controller.UserManager - cookies验证通过
2019-08-26 11:20:21.819 [http-nio-8888-exec-10] INFO  com.course.Controller.UserManager - getUserInfo获取到的用户数量是1
2019-08-26 11:20:21.843 [http-nio-8888-exec-2] INFO  com.course.Controller.UserManager - cookies验证通过
2019-08-26 11:20:21.844 [http-nio-8888-exec-2] INFO  com.course.Controller.UserManager - getUserInfo获取到的用户数量是0
2019-08-26 11:20:21.886 [http-nio-8888-exec-5] INFO  com.course.Controller.UserManager - cookies验证通过
2019-08-26 11:20:21.887 [http-nio-8888-exec-5] INFO  com.course.Controller.UserManager - 更新数据的条目数为：1
2019-08-26 11:20:24.910 [http-nio-8888-exec-9] INFO  com.course.Controller.UserManager - cookies验证通过
2019-08-26 11:20:24.911 [http-nio-8888-exec-9] INFO  com.course.Controller.UserManager - 更新数据的条目数为：1
2019-08-26 11:23:47.232 [http-nio-8888-exec-1] INFO  com.course.Controller.UserManager - 查询到的结果是1
2019-08-26 11:23:47.232 [http-nio-8888-exec-1] INFO  com.course.Controller.UserManager - 登录的用户是：zhangsan
2019-08-26 11:23:47.266 [http-nio-8888-exec-3] INFO  com.course.Controller.UserManager - 查询到的结果是0
2019-08-26 11:23:47.303 [http-nio-8888-exec-4] INFO  com.course.Controller.UserManager - cookies验证通过
2019-08-26 11:23:47.307 [http-nio-8888-exec-4] INFO  com.course.Controller.UserManager - 添加用户的数量是：1
2019-08-26 11:23:53.340 [http-nio-8888-exec-7] INFO  com.course.Controller.UserManager - cookies验证通过
2019-08-26 11:23:53.342 [http-nio-8888-exec-7] INFO  com.course.Controller.UserManager - getUserInfo获取到的用户数量是1
2019-08-26 11:23:53.366 [http-nio-8888-exec-8] INFO  com.course.Controller.UserManager - cookies验证通过
2019-08-26 11:23:53.367 [http-nio-8888-exec-8] INFO  com.course.Controller.UserManager - getUserInfo获取到的用户数量是0
2019-08-26 11:23:53.411 [http-nio-8888-exec-10] INFO  com.course.Controller.UserManager - cookies验证通过
2019-08-26 11:23:53.411 [http-nio-8888-exec-10] INFO  com.course.Controller.UserManager - 更新数据的条目数为：1
2019-08-26 11:23:56.441 [http-nio-8888-exec-2] INFO  com.course.Controller.UserManager - cookies验证通过
2019-08-26 11:23:56.442 [http-nio-8888-exec-2] INFO  com.course.Controller.UserManager - 更新数据的条目数为：1
2019-08-26 11:35:14.355 [http-nio-8888-exec-9] INFO  com.course.Controller.UserManager - 查询到的结果是1
2019-08-26 11:35:14.355 [http-nio-8888-exec-9] INFO  com.course.Controller.UserManager - 登录的用户是：zhangsan
2019-08-26 11:35:14.389 [http-nio-8888-exec-6] INFO  com.course.Controller.UserManager - 查询到的结果是0
2019-08-26 11:35:14.421 [http-nio-8888-exec-1] INFO  com.course.Controller.UserManager - cookies验证通过
2019-08-26 11:35:14.426 [http-nio-8888-exec-1] INFO  com.course.Controller.UserManager - 添加用户的数量是：1
2019-08-26 11:35:20.456 [http-nio-8888-exec-3] INFO  com.course.Controller.UserManager - cookies验证通过
2019-08-26 11:35:20.458 [http-nio-8888-exec-3] INFO  com.course.Controller.UserManager - getUserInfo获取到的用户数量是1
2019-08-26 11:35:20.481 [http-nio-8888-exec-4] INFO  com.course.Controller.UserManager - cookies验证通过
2019-08-26 11:35:20.482 [http-nio-8888-exec-4] INFO  com.course.Controller.UserManager - getUserInfo获取到的用户数量是0
2019-08-26 11:35:20.527 [http-nio-8888-exec-7] INFO  com.course.Controller.UserManager - cookies验证通过
2019-08-26 11:35:20.528 [http-nio-8888-exec-7] INFO  com.course.Controller.UserManager - 更新数据的条目数为：1
2019-08-26 11:35:23.551 [http-nio-8888-exec-8] INFO  com.course.Controller.UserManager - cookies验证通过
2019-08-26 11:35:23.552 [http-nio-8888-exec-8] INFO  com.course.Controller.UserManager - 更新数据的条目数为：1
2019-08-26 11:43:32.766 [http-nio-8888-exec-2] INFO  com.course.Controller.UserManager - 查询到的结果是1
2019-08-26 11:43:32.766 [http-nio-8888-exec-2] INFO  com.course.Controller.UserManager - 登录的用户是：zhangsan
2019-08-26 11:43:32.802 [http-nio-8888-exec-5] INFO  com.course.Controller.UserManager - 查询到的结果是0
2019-08-26 11:43:32.840 [http-nio-8888-exec-9] INFO  com.course.Controller.UserManager - cookies验证通过
2019-08-26 11:43:32.853 [http-nio-8888-exec-9] INFO  com.course.Controller.UserManager - 添加用户的数量是：1
2019-08-26 11:43:38.887 [http-nio-8888-exec-6] INFO  com.course.Controller.UserManager - cookies验证通过
2019-08-26 11:43:38.889 [http-nio-8888-exec-6] INFO  com.course.Controller.UserManager - getUserInfo获取到的用户数量是1
2019-08-26 11:43:38.913 [http-nio-8888-exec-1] INFO  com.course.Controller.UserManager - cookies验证通过
2019-08-26 11:43:38.914 [http-nio-8888-exec-1] INFO  com.course.Controller.UserManager - getUserInfo获取到的用户数量是0
2019-08-26 11:43:38.956 [http-nio-8888-exec-3] INFO  com.course.Controller.UserManager - cookies验证通过
2019-08-26 11:43:38.957 [http-nio-8888-exec-3] INFO  com.course.Controller.UserManager - 更新数据的条目数为：1
2019-08-26 11:43:41.979 [http-nio-8888-exec-4] INFO  com.course.Controller.UserManager - cookies验证通过
2019-08-26 11:43:41.980 [http-nio-8888-exec-4] INFO  com.course.Controller.UserManager - 更新数据的条目数为：1
